Using pre-set license
Built from '2022.3/staging' branch; Version is '2022.3.16f1 (d2c21f0ef2f1) revision 13812255'; Using compiler version '192829333'; Build Type 'Release'
OS: 'Windows 11  (10.0.22631) 64bit Professional' Language: 'en' Physical Memory: 16104 MB
BatchMode: 1, IsHumanControllingUs: 0, StartBugReporterOnCrash: 0, Is64bit: 1, IsPro: 1

COMMAND LINE ARGUMENTS:
C:\Program Files\Unity\Hub\Editor\2022.3.16f1\Editor\Unity.exe
-adb2
-batchMode
-noUpm
-name
AssetImportWorker6
-projectPath
C:/Users/xnats/Platforms
-logFile
Logs/AssetImportWorker6.log
-srvPort
59590
Successfully changed project path to: C:/Users/xnats/Platforms
C:/Users/xnats/Platforms
[UnityMemory] Configuration Parameters - Can be set up in boot.config
    "memorysetup-bucket-allocator-granularity=16"
    "memorysetup-bucket-allocator-bucket-count=8"
    "memorysetup-bucket-allocator-block-size=33554432"
    "memorysetup-bucket-allocator-block-count=8"
    "memorysetup-main-allocator-block-size=16777216"
    "memorysetup-thread-allocator-block-size=16777216"
    "memorysetup-gfx-main-allocator-block-size=16777216"
    "memorysetup-gfx-thread-allocator-block-size=16777216"
    "memorysetup-cache-allocator-block-size=4194304"
    "memorysetup-typetree-allocator-block-size=2097152"
    "memorysetup-profiler-bucket-allocator-granularity=16"
    "memorysetup-profiler-bucket-allocator-bucket-count=8"
    "memorysetup-profiler-bucket-allocator-block-size=33554432"
    "memorysetup-profiler-bucket-allocator-block-count=8"
    "memorysetup-profiler-allocator-block-size=16777216"
    "memorysetup-profiler-editor-allocator-block-size=1048576"
    "memorysetup-temp-allocator-size-main=16777216"
    "memorysetup-job-temp-allocator-block-size=2097152"
    "memorysetup-job-temp-allocator-block-size-background=1048576"
    "memorysetup-job-temp-allocator-reduction-small-platforms=262144"
    "memorysetup-allocator-temp-initial-block-size-main=262144"
    "memorysetup-allocator-temp-initial-block-size-worker=262144"
    "memorysetup-temp-allocator-size-background-worker=32768"
    "memorysetup-temp-allocator-size-job-worker=262144"
    "memorysetup-temp-allocator-size-preload-manager=33554432"
    "memorysetup-temp-allocator-size-nav-mesh-worker=65536"
    "memorysetup-temp-allocator-size-audio-worker=65536"
    "memorysetup-temp-allocator-size-cloud-worker=32768"
    "memorysetup-temp-allocator-size-gi-baking-worker=262144"
    "memorysetup-temp-allocator-size-gfx=262144"
Player connection [17908] Host "[IP] 192.168.56.1 [Port] 0 [Flags] 2 [Guid] 2669285454 [EditorId] 2669285454 [Version] 1048832 [Id] WindowsEditor(7,berekun) [Debug] 1 [PackageName] WindowsEditor [ProjectName] Editor" joined multi-casting on [225.0.0.222:54997]...

Player connection [17908] Host "[IP] 192.168.56.1 [Port] 0 [Flags] 2 [Guid] 2669285454 [EditorId] 2669285454 [Version] 1048832 [Id] WindowsEditor(7,berekun) [Debug] 1 [PackageName] WindowsEditor [ProjectName] Editor" joined alternative multi-casting on [225.0.0.222:34997]...

[Physics::Module] Initialized MultithreadedJobDispatcher with 15 workers.
Refreshing native plugins compatible for Editor in 9.64 ms, found 4 plugins.
Preloading 0 native plugins for Editor in 0.00 ms.
Initialize engine version: 2022.3.16f1 (d2c21f0ef2f1)
[Subsystems] Discovering subsystems at path C:/Program Files/Unity/Hub/Editor/2022.3.16f1/Editor/Data/Resources/UnitySubsystems
[Subsystems] Discovering subsystems at path C:/Users/xnats/Platforms/Assets
GfxDevice: creating device client; threaded=0; jobified=0
Direct3D:
    Version:  Direct3D 11.0 [level 11.1]
    Renderer: NVIDIA GeForce RTX 4060 Laptop GPU (ID=0x28a0)
    Vendor:   NVIDIA
    VRAM:     7972 MB
    Driver:   31.0.15.4633
Initialize mono
Mono path[0] = 'C:/Program Files/Unity/Hub/Editor/2022.3.16f1/Editor/Data/Managed'
Mono path[1] = 'C:/Program Files/Unity/Hub/Editor/2022.3.16f1/Editor/Data/MonoBleedingEdge/lib/mono/unityjit-win32'
Mono config path = 'C:/Program Files/Unity/Hub/Editor/2022.3.16f1/Editor/Data/MonoBleedingEdge/etc'
Using monoOptions --debugger-agent=transport=dt_socket,embedding=1,server=y,suspend=n,address=127.0.0.1:56168
Begin MonoManager ReloadAssembly
Registering precompiled unity dll's ...
Register platform support module: C:/Program Files/Unity/Hub/Editor/2022.3.16f1/Editor/Data/PlaybackEngines/WebGLSupport/UnityEditor.WebGL.Extensions.dll
Register platform support module: C:/Program Files/Unity/Hub/Editor/2022.3.16f1/Editor/Data/PlaybackEngines/WindowsStandaloneSupport/UnityEditor.WindowsStandalone.Extensions.dll
Registered in 0.006787 seconds.
- Loaded All Assemblies, in  0.270 seconds
Native extension for WindowsStandalone target not found
Native extension for WebGL target not found
Mono: successfully reloaded assembly
- Finished resetting the current domain, in  0.218 seconds
Domain Reload Profiling: 487ms
	BeginReloadAssembly (81ms)
		ExecutionOrderSort (0ms)
		DisableScriptedObjects (0ms)
		BackupInstance (0ms)
		ReleaseScriptingObjects (0ms)
		CreateAndSetChildDomain (1ms)
	RebuildCommonClasses (27ms)
	RebuildNativeTypeToScriptingClass (8ms)
	initialDomainReloadingComplete (50ms)
	LoadAllAssembliesAndSetupDomain (104ms)
		LoadAssemblies (79ms)
		RebuildTransferFunctionScriptingTraits (0ms)
		AnalyzeDomain (102ms)
			TypeCache.Refresh (101ms)
				TypeCache.ScanAssembly (87ms)
			ScanForSourceGeneratedMonoScriptInfo (0ms)
			ResolveRequiredComponents (1ms)
	FinalizeReload (218ms)
		ReleaseScriptCaches (0ms)
		RebuildScriptCaches (0ms)
		SetupLoadedEditorAssemblies (169ms)
			LogAssemblyErrors (0ms)
			InitializePlatformSupportModulesInManaged (9ms)
			SetLoadedEditorAssemblies (5ms)
			RefreshPlugins (0ms)
			BeforeProcessingInitializeOnLoad (2ms)
			ProcessInitializeOnLoadAttributes (115ms)
			ProcessInitializeOnLoadMethodAttributes (38ms)
			AfterProcessingInitializeOnLoad (0ms)
			EditorAssembliesLoaded (0ms)
		ExecutionOrderSort2 (0ms)
		AwakeInstancesAfterBackupRestoration (0ms)
========================================================================
Worker process is ready to serve import requests
Begin MonoManager ReloadAssembly
- Loaded All Assemblies, in  0.476 seconds
Refreshing native plugins compatible for Editor in 3.42 ms, found 4 plugins.
Native extension for WindowsStandalone target not found
Native extension for WebGL target not found
Package Manager log level set to [2]
[Package Manager] Server::EnsureServerProcessIsRunning -- launch failed, reason: Unity was launched with the -noUpm command-line argument
[Package Manager] UpmClient::Send -- Unable to send message (not connected to UPM process).
[Package Manager] Cannot connect to Unity Package Manager local server
Mono: successfully reloaded assembly
- Finished resetting the current domain, in  0.499 seconds
Domain Reload Profiling: 972ms
	BeginReloadAssembly (104ms)
		ExecutionOrderSort (0ms)
		DisableScriptedObjects (4ms)
		BackupInstance (0ms)
		ReleaseScriptingObjects (0ms)
		CreateAndSetChildDomain (17ms)
	RebuildCommonClasses (22ms)
	RebuildNativeTypeToScriptingClass (7ms)
	initialDomainReloadingComplete (31ms)
	LoadAllAssembliesAndSetupDomain (309ms)
		LoadAssemblies (258ms)
		RebuildTransferFunctionScriptingTraits (0ms)
		AnalyzeDomain (110ms)
			TypeCache.Refresh (92ms)
				TypeCache.ScanAssembly (81ms)
			ScanForSourceGeneratedMonoScriptInfo (14ms)
			ResolveRequiredComponents (3ms)
	FinalizeReload (499ms)
		ReleaseScriptCaches (0ms)
		RebuildScriptCaches (0ms)
		SetupLoadedEditorAssemblies (392ms)
			LogAssemblyErrors (0ms)
			InitializePlatformSupportModulesInManaged (6ms)
			SetLoadedEditorAssemblies (4ms)
			RefreshPlugins (0ms)
			BeforeProcessingInitializeOnLoad (81ms)
			ProcessInitializeOnLoadAttributes (271ms)
			ProcessInitializeOnLoadMethodAttributes (25ms)
			AfterProcessingInitializeOnLoad (5ms)
			EditorAssembliesLoaded (0ms)
		ExecutionOrderSort2 (0ms)
		AwakeInstancesAfterBackupRestoration (4ms)
Launched and connected shader compiler UnityShaderCompiler.exe after 0.03 seconds
Refreshing native plugins compatible for Editor in 3.33 ms, found 4 plugins.
Preloading 0 native plugins for Editor in 0.00 ms.
Unloading 4020 Unused Serialized files (Serialized files now loaded: 0)
Unloading 70 unused Assets / (244.3 KB). Loaded Objects now: 4476.
Memory consumption went from 145.3 MB to 145.1 MB.
Total: 3.098300 ms (FindLiveObjects: 0.230800 ms CreateObjectMapping: 0.105700 ms MarkObjects: 2.591500 ms  DeleteObjects: 0.169700 ms)

AssetImportParameters requested are different than current active one (requested -> active):
  custom:container-demuxer-ogg: 62fdf1f143b41e24485cea50d1cbac27 -> 
  custom:video-decoder-ogg-theora: a1e56fd34408186e4bbccfd4996cb3dc -> 
  custom:framework-win-MediaFoundation: 216162199b28c13a410421893ffa2e32 -> 
  custom:CustomObjectIndexerAttribute: 43b350a4d6e6d1791af0b5038c4bea17 -> 
  custom:container-demuxer-webm: 4f35f7cbe854078d1ac9338744f61a02 -> 
  custom:scripting/monoscript/fileName/IsGrounded.cs: a0dc77b93e576e6d9ed83de6ea711eb0 -> 021bb25e33924cf2de1e16fc63971e23
  custom:container-muxer-webm: aa71ff27fc2769a1b78a27578f13a17b -> 
  custom:video-decoder-webm-vp8: 9c59270c3fd7afecdb556c50c9e8de78 -> 
  custom:SearchIndexIgnoredProperties: e643bd26f0fe6173181afceb89e7c659 -> 
  custom:AudioImporter_EditorPlatform: d09bf68614088b80899f8185d706f6e7 -> 
  custom:video-encoder-webm-vp8: eb34c28f22e8b96e1ab97ce403110664 -> 
  custom:audio-decoder-ogg-vorbis: bf7c407c2cedff20999df2af8eb42d56 -> 
  custom:audio-encoder-webm-vorbis: bf7c407c2cedff20999df2af8eb42d56 -> 
========================================================================
Received Import Request.
  Time since last request: 870195.986614 seconds.
  path: Assets/Sprites/craftpix-net-965049-free-industrial-zone-tileset-pixel-art/PSD/Tiles_16.asset
  artifactKey: Guid(11d4a6b85ff01d54c9d26991754ed621) Importer(815301076,1909f56bfc062723c751e8b465ee728b)
Start importing Assets/Sprites/craftpix-net-965049-free-industrial-zone-tileset-pixel-art/PSD/Tiles_16.asset using Guid(11d4a6b85ff01d54c9d26991754ed621) Importer(815301076,1909f56bfc062723c751e8b465ee728b)  -> (artifact id: 'fae7e365205c59177f1536a649450847') in 0.074177 seconds
Number of updated asset objects reloaded before import = 0
Number of asset objects unloaded after import = 3
========================================================================
Received Import Request.
  Time since last request: 0.000026 seconds.
  path: Assets/Sprites/craftpix-net-965049-free-industrial-zone-tileset-pixel-art/PSD/Tiles_29.asset
  artifactKey: Guid(b3e8c8be05978db47acedfe922b88014) Importer(815301076,1909f56bfc062723c751e8b465ee728b)
Start importing Assets/Sprites/craftpix-net-965049-free-industrial-zone-tileset-pixel-art/PSD/Tiles_29.asset using Guid(b3e8c8be05978db47acedfe922b88014) Importer(815301076,1909f56bfc062723c751e8b465ee728b)  -> (artifact id: '7228eda11168c5be4bf943d477c7f4f9') in 0.013858 seconds
Number of updated asset objects reloaded before import = 0
Number of asset objects unloaded after import = 3
========================================================================
Received Import Request.
  Time since last request: 0.000119 seconds.
  path: Assets/Sprites/craftpix-net-965049-free-industrial-zone-tileset-pixel-art/PSD/Tiles_37.asset
  artifactKey: Guid(ecd387a44d6e33d45b851b3b185c67c2) Importer(815301076,1909f56bfc062723c751e8b465ee728b)
Start importing Assets/Sprites/craftpix-net-965049-free-industrial-zone-tileset-pixel-art/PSD/Tiles_37.asset using Guid(ecd387a44d6e33d45b851b3b185c67c2) Importer(815301076,1909f56bfc062723c751e8b465ee728b)  -> (artifact id: 'bd01f2b7ded87162649174212fc4cf2e') in 0.018443 seconds
Number of updated asset objects reloaded before import = 0
Number of asset objects unloaded after import = 3
========================================================================
Received Import Request.
  Time since last request: 0.000020 seconds.
  path: Assets/Sprites/craftpix-net-965049-free-industrial-zone-tileset-pixel-art/PSD/Tiles_35.asset
  artifactKey: Guid(43019853cc227444a883351e89a9a3fe) Importer(815301076,1909f56bfc062723c751e8b465ee728b)
Start importing Assets/Sprites/craftpix-net-965049-free-industrial-zone-tileset-pixel-art/PSD/Tiles_35.asset using Guid(43019853cc227444a883351e89a9a3fe) Importer(815301076,1909f56bfc062723c751e8b465ee728b)  -> (artifact id: '7b8b743c6e35e64ce2146fcb16895c30') in 0.014644 seconds
Number of updated asset objects reloaded before import = 0
Number of asset objects unloaded after import = 3
========================================================================
Received Import Request.
  Time since last request: 0.000105 seconds.
  path: Assets/Sprites/craftpix-net-965049-free-industrial-zone-tileset-pixel-art/PSD/Tiles_42.asset
  artifactKey: Guid(0e9db400d5a0f614c856cdcde3ced0fb) Importer(815301076,1909f56bfc062723c751e8b465ee728b)
Start importing Assets/Sprites/craftpix-net-965049-free-industrial-zone-tileset-pixel-art/PSD/Tiles_42.asset using Guid(0e9db400d5a0f614c856cdcde3ced0fb) Importer(815301076,1909f56bfc062723c751e8b465ee728b)  -> (artifact id: 'd4c22155815fe7d6091a3e0d192cbe03') in 0.015697 seconds
Number of updated asset objects reloaded before import = 0
Number of asset objects unloaded after import = 3
========================================================================
Received Import Request.
  Time since last request: 0.000137 seconds.
  path: Assets/Sprites/craftpix-net-965049-free-industrial-zone-tileset-pixel-art/PSD/Tiles_25.asset
  artifactKey: Guid(8deb5d77a2357c848a0a0dc0efd4f32d) Importer(815301076,1909f56bfc062723c751e8b465ee728b)
Start importing Assets/Sprites/craftpix-net-965049-free-industrial-zone-tileset-pixel-art/PSD/Tiles_25.asset using Guid(8deb5d77a2357c848a0a0dc0efd4f32d) Importer(815301076,1909f56bfc062723c751e8b465ee728b)  -> (artifact id: '0f052e0234fcaa8f1bf7241a29569b33') in 0.015304 seconds
Number of updated asset objects reloaded before import = 0
Number of asset objects unloaded after import = 3
========================================================================
Received Import Request.
  Time since last request: 0.144381 seconds.
  path: Assets/Sprites/craftpix-net-965049-free-industrial-zone-tileset-pixel-art/PSD/Tiles_46.asset
  artifactKey: Guid(914c1995bdf1fa94aa144f5528b8393d) Importer(815301076,1909f56bfc062723c751e8b465ee728b)
Start importing Assets/Sprites/craftpix-net-965049-free-industrial-zone-tileset-pixel-art/PSD/Tiles_46.asset using Guid(914c1995bdf1fa94aa144f5528b8393d) Importer(815301076,1909f56bfc062723c751e8b465ee728b)  -> (artifact id: '9df15941aba706d74fc3bc0bb08dd967') in 0.014976 seconds
Number of updated asset objects reloaded before import = 0
Number of asset objects unloaded after import = 3
========================================================================
Received Import Request.
  Time since last request: 0.001700 seconds.
  path: Assets/Sprites/craftpix-net-965049-free-industrial-zone-tileset-pixel-art/PSD/Tiles_51.asset
  artifactKey: Guid(91b4d7b7ee6e4e44f9543f741afec2f8) Importer(815301076,1909f56bfc062723c751e8b465ee728b)
Start importing Assets/Sprites/craftpix-net-965049-free-industrial-zone-tileset-pixel-art/PSD/Tiles_51.asset using Guid(91b4d7b7ee6e4e44f9543f741afec2f8) Importer(815301076,1909f56bfc062723c751e8b465ee728b)  -> (artifact id: '6d1249234c6b8501a244f79eb240129a') in 0.022710 seconds
Number of updated asset objects reloaded before import = 0
Number of asset objects unloaded after import = 3
========================================================================
Received Import Request.
  Time since last request: 0.000019 seconds.
  path: Assets/Sprites/craftpix-net-965049-free-industrial-zone-tileset-pixel-art/PSD/Tiles_58.asset
  artifactKey: Guid(600480cafe85985479a1232912693520) Importer(815301076,1909f56bfc062723c751e8b465ee728b)
Start importing Assets/Sprites/craftpix-net-965049-free-industrial-zone-tileset-pixel-art/PSD/Tiles_58.asset using Guid(600480cafe85985479a1232912693520) Importer(815301076,1909f56bfc062723c751e8b465ee728b)  -> (artifact id: 'bd357f5970ac1694c5da8847510495c8') in 0.017307 seconds
Number of updated asset objects reloaded before import = 0
Number of asset objects unloaded after import = 3
========================================================================
Received Import Request.
  Time since last request: 0.000023 seconds.
  path: Assets/Sprites/craftpix-net-965049-free-industrial-zone-tileset-pixel-art/PSD/Tiles_59.asset
  artifactKey: Guid(2f2898074dbc64e4093106b8fa310de7) Importer(815301076,1909f56bfc062723c751e8b465ee728b)
Start importing Assets/Sprites/craftpix-net-965049-free-industrial-zone-tileset-pixel-art/PSD/Tiles_59.asset using Guid(2f2898074dbc64e4093106b8fa310de7) Importer(815301076,1909f56bfc062723c751e8b465ee728b)  -> (artifact id: 'fc2440143e36d84c3decbb500484bd42') in 0.019794 seconds
Number of updated asset objects reloaded before import = 0
Number of asset objects unloaded after import = 3
========================================================================
Received Import Request.
  Time since last request: 0.000016 seconds.
  path: Assets/Sprites/craftpix-net-965049-free-industrial-zone-tileset-pixel-art/PSD/Tiles_72.asset
  artifactKey: Guid(6ddb3f629ebd2ec43b597fb5afc79ac6) Importer(815301076,1909f56bfc062723c751e8b465ee728b)
Start importing Assets/Sprites/craftpix-net-965049-free-industrial-zone-tileset-pixel-art/PSD/Tiles_72.asset using Guid(6ddb3f629ebd2ec43b597fb5afc79ac6) Importer(815301076,1909f56bfc062723c751e8b465ee728b)  -> (artifact id: '5bb9e6cceb5a8b9203732aa0156bb219') in 0.022133 seconds
Number of updated asset objects reloaded before import = 0
Number of asset objects unloaded after import = 3
========================================================================
Received Import Request.
  Time since last request: 0.000016 seconds.
  path: Assets/Sprites/craftpix-net-965049-free-industrial-zone-tileset-pixel-art/PSD/Tiles_70.asset
  artifactKey: Guid(1d52668dbfc011242bcac9c1972f0af5) Importer(815301076,1909f56bfc062723c751e8b465ee728b)
Start importing Assets/Sprites/craftpix-net-965049-free-industrial-zone-tileset-pixel-art/PSD/Tiles_70.asset using Guid(1d52668dbfc011242bcac9c1972f0af5) Importer(815301076,1909f56bfc062723c751e8b465ee728b)  -> (artifact id: '96fa83b943b839782a5a6922bccc3dd2') in 0.014741 seconds
Number of updated asset objects reloaded before import = 0
Number of asset objects unloaded after import = 3
========================================================================
Received Import Request.
  Time since last request: 0.000020 seconds.
  path: Assets/Sprites/craftpix-net-965049-free-industrial-zone-tileset-pixel-art/PSD/Tiles_55.asset
  artifactKey: Guid(f1c95c193cd3c3b4b8303e8d43f18a92) Importer(815301076,1909f56bfc062723c751e8b465ee728b)
Start importing Assets/Sprites/craftpix-net-965049-free-industrial-zone-tileset-pixel-art/PSD/Tiles_55.asset using Guid(f1c95c193cd3c3b4b8303e8d43f18a92) Importer(815301076,1909f56bfc062723c751e8b465ee728b)  -> (artifact id: 'f22c15acab42d1448f5ec67cbad235f7') in 0.019268 seconds
Number of updated asset objects reloaded before import = 0
Number of asset objects unloaded after import = 3
========================================================================
Received Import Request.
  Time since last request: 0.127106 seconds.
  path: Assets/Sprites/craftpix-net-965049-free-industrial-zone-tileset-pixel-art/PSD/Tiles_76.asset
  artifactKey: Guid(04dea2c4637b071458131c21dbf0b50c) Importer(815301076,1909f56bfc062723c751e8b465ee728b)
Start importing Assets/Sprites/craftpix-net-965049-free-industrial-zone-tileset-pixel-art/PSD/Tiles_76.asset using Guid(04dea2c4637b071458131c21dbf0b50c) Importer(815301076,1909f56bfc062723c751e8b465ee728b)  -> (artifact id: 'b1fe12b07195c7da981f4274777cb7c5') in 0.014632 seconds
Number of updated asset objects reloaded before import = 0
Number of asset objects unloaded after import = 3
========================================================================
Received Import Request.
  Time since last request: 0.000021 seconds.
  path: Assets/Sprites/craftpix-net-965049-free-industrial-zone-tileset-pixel-art/PSD/Tiles_80.asset
  artifactKey: Guid(18889c799e78e134aa5f0f658aef215c) Importer(815301076,1909f56bfc062723c751e8b465ee728b)
Start importing Assets/Sprites/craftpix-net-965049-free-industrial-zone-tileset-pixel-art/PSD/Tiles_80.asset using Guid(18889c799e78e134aa5f0f658aef215c) Importer(815301076,1909f56bfc062723c751e8b465ee728b)  -> (artifact id: 'aed21b2be84fc8841cbedf88f6ce63c8') in 0.015518 seconds
Number of updated asset objects reloaded before import = 0
Number of asset objects unloaded after import = 3
========================================================================
Received Import Request.
  Time since last request: 91.097051 seconds.
  path: Assets/Tile Palet/Tiles_0.asset
  artifactKey: Guid(7576f5770b64a644c8c2db1bd1b6ac50) Importer(815301076,1909f56bfc062723c751e8b465ee728b)
Start importing Assets/Tile Palet/Tiles_0.asset using Guid(7576f5770b64a644c8c2db1bd1b6ac50) Importer(815301076,1909f56bfc062723c751e8b465ee728b)  -> (artifact id: 'f854a2be519f14b90927d079fdc8165c') in 0.006463 seconds
Number of updated asset objects reloaded before import = 0
Number of asset objects unloaded after import = 3
========================================================================
Received Import Request.
  Time since last request: 0.001430 seconds.
  path: Assets/Tile Palet/Tiles_2.asset
  artifactKey: Guid(8332d6c0f53d57643978ab8fffabd74d) Importer(815301076,1909f56bfc062723c751e8b465ee728b)
Start importing Assets/Tile Palet/Tiles_2.asset using Guid(8332d6c0f53d57643978ab8fffabd74d) Importer(815301076,1909f56bfc062723c751e8b465ee728b)  -> (artifact id: 'd6a5a1de09140b2abd2798639e30097f') in 0.014255 seconds
Number of updated asset objects reloaded before import = 0
Number of asset objects unloaded after import = 3
========================================================================
Received Import Request.
  Time since last request: 0.000017 seconds.
  path: Assets/Tile Palet/Tiles_10.asset
  artifactKey: Guid(8e30a1a4b3331204abf8593b4d2c0cf1) Importer(815301076,1909f56bfc062723c751e8b465ee728b)
Start importing Assets/Tile Palet/Tiles_10.asset using Guid(8e30a1a4b3331204abf8593b4d2c0cf1) Importer(815301076,1909f56bfc062723c751e8b465ee728b)  -> (artifact id: '747cefef86a7512187295dd63fb3969b') in 0.006140 seconds
Number of updated asset objects reloaded before import = 0
Number of asset objects unloaded after import = 3
========================================================================
Received Import Request.
  Time since last request: 0.000017 seconds.
  path: Assets/Tile Palet/Tiles_8.asset
  artifactKey: Guid(9b8e29694ed676640829749c2fa80157) Importer(815301076,1909f56bfc062723c751e8b465ee728b)
Start importing Assets/Tile Palet/Tiles_8.asset using Guid(9b8e29694ed676640829749c2fa80157) Importer(815301076,1909f56bfc062723c751e8b465ee728b)  -> (artifact id: 'b4304f2a8626843b84ff482767bfcbbb') in 0.020469 seconds
Number of updated asset objects reloaded before import = 0
Number of asset objects unloaded after import = 3
========================================================================
Received Import Request.
  Time since last request: 0.000023 seconds.
  path: Assets/Tile Palet/Tiles_12.asset
  artifactKey: Guid(c5b3602623bc72e43b7e6c73c7a28850) Importer(815301076,1909f56bfc062723c751e8b465ee728b)
Start importing Assets/Tile Palet/Tiles_12.asset using Guid(c5b3602623bc72e43b7e6c73c7a28850) Importer(815301076,1909f56bfc062723c751e8b465ee728b)  -> (artifact id: '8511567ad31cfd07984d624590fb0c33') in 0.008011 seconds
Number of updated asset objects reloaded before import = 0
Number of asset objects unloaded after import = 3
========================================================================
Received Import Request.
  Time since last request: 0.000074 seconds.
  path: Assets/Tile Palet/Tiles_7.asset
  artifactKey: Guid(37a47b527a2b3f44e9cbe8141257a8b8) Importer(815301076,1909f56bfc062723c751e8b465ee728b)
Start importing Assets/Tile Palet/Tiles_7.asset using Guid(37a47b527a2b3f44e9cbe8141257a8b8) Importer(815301076,1909f56bfc062723c751e8b465ee728b)  -> (artifact id: 'bf5828f9850dc43b131fbb9d398863c2') in 0.005735 seconds
Number of updated asset objects reloaded before import = 0
Number of asset objects unloaded after import = 3
========================================================================
Received Import Request.
  Time since last request: 0.000015 seconds.
  path: Assets/Tile Palet/Tiles_5.asset
  artifactKey: Guid(887448cb291375c4eaffeb47f7b69c0c) Importer(815301076,1909f56bfc062723c751e8b465ee728b)
Start importing Assets/Tile Palet/Tiles_5.asset using Guid(887448cb291375c4eaffeb47f7b69c0c) Importer(815301076,1909f56bfc062723c751e8b465ee728b)  -> (artifact id: 'e5ba04815306e8658883367fc9634dbd') in 0.005631 seconds
Number of updated asset objects reloaded before import = 0
Number of asset objects unloaded after import = 3
========================================================================
Received Import Request.
  Time since last request: 0.000016 seconds.
  path: Assets/Tile Palet/Tiles_6.asset
  artifactKey: Guid(8f6d1dc2a943bea40aff54ea7b8f7b58) Importer(815301076,1909f56bfc062723c751e8b465ee728b)
Start importing Assets/Tile Palet/Tiles_6.asset using Guid(8f6d1dc2a943bea40aff54ea7b8f7b58) Importer(815301076,1909f56bfc062723c751e8b465ee728b)  -> (artifact id: 'daf8c8bcacf9db69a790a9eef1ee0ac2') in 0.007108 seconds
Number of updated asset objects reloaded before import = 0
Number of asset objects unloaded after import = 3
========================================================================
Received Import Request.
  Time since last request: 0.000021 seconds.
  path: Assets/Tile Palet/Tiles_11.asset
  artifactKey: Guid(218184182e0007a4e9125d409f3420c2) Importer(815301076,1909f56bfc062723c751e8b465ee728b)
Start importing Assets/Tile Palet/Tiles_11.asset using Guid(218184182e0007a4e9125d409f3420c2) Importer(815301076,1909f56bfc062723c751e8b465ee728b)  -> (artifact id: 'd02a109139ecbfdc3ec0602869488920') in 0.006167 seconds
Number of updated asset objects reloaded before import = 0
Number of asset objects unloaded after import = 3
========================================================================
Received Import Request.
  Time since last request: 0.000018 seconds.
  path: Assets/Tile Palet/Tiles_1.asset
  artifactKey: Guid(7f9bb730e657f5544ab21e42d8c5ff1e) Importer(815301076,1909f56bfc062723c751e8b465ee728b)
Start importing Assets/Tile Palet/Tiles_1.asset using Guid(7f9bb730e657f5544ab21e42d8c5ff1e) Importer(815301076,1909f56bfc062723c751e8b465ee728b)  -> (artifact id: '3141b55aefe97d7b818c4b291712665b') in 0.006801 seconds
Number of updated asset objects reloaded before import = 0
Number of asset objects unloaded after import = 3
========================================================================
Received Import Request.
  Time since last request: 0.000014 seconds.
  path: Assets/Tile Palet/Tiles_14.asset
  artifactKey: Guid(279d952cf283673448f80e29dd2dc24e) Importer(815301076,1909f56bfc062723c751e8b465ee728b)
Start importing Assets/Tile Palet/Tiles_14.asset using Guid(279d952cf283673448f80e29dd2dc24e) Importer(815301076,1909f56bfc062723c751e8b465ee728b)  -> (artifact id: '3d78e2b2234dc50d515b790afcf401eb') in 0.014690 seconds
Number of updated asset objects reloaded before import = 0
Number of asset objects unloaded after import = 3
========================================================================
Received Import Request.
  Time since last request: 0.400206 seconds.
  path: Assets/Tile Palet/Tiles_19.asset
  artifactKey: Guid(2cf9354dc3e612f429496dee6242455e) Importer(815301076,1909f56bfc062723c751e8b465ee728b)
Start importing Assets/Tile Palet/Tiles_19.asset using Guid(2cf9354dc3e612f429496dee6242455e) Importer(815301076,1909f56bfc062723c751e8b465ee728b)  -> (artifact id: 'e68c5c2e649d1b0a66caebb1f73f568b') in 0.011944 seconds
Number of updated asset objects reloaded before import = 0
Number of asset objects unloaded after import = 3
========================================================================
Received Import Request.
  Time since last request: 0.000070 seconds.
  path: Assets/Tile Palet/Tiles_20.asset
  artifactKey: Guid(cbf868a3390acf94aab26fd5cb14cc68) Importer(815301076,1909f56bfc062723c751e8b465ee728b)
Start importing Assets/Tile Palet/Tiles_20.asset using Guid(cbf868a3390acf94aab26fd5cb14cc68) Importer(815301076,1909f56bfc062723c751e8b465ee728b)  -> (artifact id: 'c6cff22eb88ccc2a52abdb7ebee139c9') in 0.005141 seconds
Number of updated asset objects reloaded before import = 0
Number of asset objects unloaded after import = 3
========================================================================
Received Import Request.
  Time since last request: 0.000015 seconds.
  path: Assets/Tile Palet/Tiles_22.asset
  artifactKey: Guid(5ae9cf65d1283f44b8bc826a1c61670c) Importer(815301076,1909f56bfc062723c751e8b465ee728b)
Start importing Assets/Tile Palet/Tiles_22.asset using Guid(5ae9cf65d1283f44b8bc826a1c61670c) Importer(815301076,1909f56bfc062723c751e8b465ee728b)  -> (artifact id: 'f676d372f094204e5a565d477ac45d9a') in 0.004671 seconds
Number of updated asset objects reloaded before import = 0
Number of asset objects unloaded after import = 3
========================================================================
Received Import Request.
  Time since last request: 0.000019 seconds.
  path: Assets/Tile Palet/Tiles_23.asset
  artifactKey: Guid(68b17ca7246588d45b922a2fdd213ab9) Importer(815301076,1909f56bfc062723c751e8b465ee728b)
Start importing Assets/Tile Palet/Tiles_23.asset using Guid(68b17ca7246588d45b922a2fdd213ab9) Importer(815301076,1909f56bfc062723c751e8b465ee728b)  -> (artifact id: 'caff86fed642cc599162f96310ab02de') in 0.014902 seconds
Number of updated asset objects reloaded before import = 0
Number of asset objects unloaded after import = 3
========================================================================
Received Import Request.
  Time since last request: 0.000108 seconds.
  path: Assets/Tile Palet/Tiles_29.asset
  artifactKey: Guid(742a5d24502de914ba818d59b3713ff4) Importer(815301076,1909f56bfc062723c751e8b465ee728b)
Start importing Assets/Tile Palet/Tiles_29.asset using Guid(742a5d24502de914ba818d59b3713ff4) Importer(815301076,1909f56bfc062723c751e8b465ee728b)  -> (artifact id: 'b214f6926b5c7209585e3cef3fca2f6e') in 0.005833 seconds
Number of updated asset objects reloaded before import = 0
Number of asset objects unloaded after import = 3
========================================================================
Received Import Request.
  Time since last request: 0.000050 seconds.
  path: Assets/Tile Palet/Tiles_26.asset
  artifactKey: Guid(bada2eb7275dce246b866e609e1e1ce7) Importer(815301076,1909f56bfc062723c751e8b465ee728b)
Start importing Assets/Tile Palet/Tiles_26.asset using Guid(bada2eb7275dce246b866e609e1e1ce7) Importer(815301076,1909f56bfc062723c751e8b465ee728b)  -> (artifact id: '40c51a6849787720065a04346c9ce565') in 0.005209 seconds
Number of updated asset objects reloaded before import = 0
Number of asset objects unloaded after import = 3
========================================================================
Received Import Request.
  Time since last request: 0.000015 seconds.
  path: Assets/Tile Palet/Tiles_28.asset
  artifactKey: Guid(bfe7119a9642ece49a460f7686e84722) Importer(815301076,1909f56bfc062723c751e8b465ee728b)
Start importing Assets/Tile Palet/Tiles_28.asset using Guid(bfe7119a9642ece49a460f7686e84722) Importer(815301076,1909f56bfc062723c751e8b465ee728b)  -> (artifact id: 'a1123ca50aea6ff8d148d793418dfb4b') in 0.005465 seconds
Number of updated asset objects reloaded before import = 0
Number of asset objects unloaded after import = 3
========================================================================
Received Import Request.
  Time since last request: 0.001301 seconds.
  path: Assets/Tile Palet/Tiles_31.asset
  artifactKey: Guid(ca414b742b935c840b0521459dde4f25) Importer(815301076,1909f56bfc062723c751e8b465ee728b)
Start importing Assets/Tile Palet/Tiles_31.asset using Guid(ca414b742b935c840b0521459dde4f25) Importer(815301076,1909f56bfc062723c751e8b465ee728b)  -> (artifact id: '6d23f8d7a43e4b081c4ea240de315893') in 0.005145 seconds
Number of updated asset objects reloaded before import = 0
Number of asset objects unloaded after import = 3
========================================================================
Received Import Request.
  Time since last request: 0.000020 seconds.
  path: Assets/Tile Palet/Tiles_34.asset
  artifactKey: Guid(bcba621a1eecf3d44a8da4c33a6372eb) Importer(815301076,1909f56bfc062723c751e8b465ee728b)
Start importing Assets/Tile Palet/Tiles_34.asset using Guid(bcba621a1eecf3d44a8da4c33a6372eb) Importer(815301076,1909f56bfc062723c751e8b465ee728b)  -> (artifact id: '198a698bcb522246285f8a8aaedad7df') in 0.005402 seconds
Number of updated asset objects reloaded before import = 0
Number of asset objects unloaded after import = 3
========================================================================
Received Import Request.
  Time since last request: 0.000015 seconds.
  path: Assets/Tile Palet/Tiles_32.asset
  artifactKey: Guid(96bf699c4a1725340a706e1e423d121c) Importer(815301076,1909f56bfc062723c751e8b465ee728b)
Start importing Assets/Tile Palet/Tiles_32.asset using Guid(96bf699c4a1725340a706e1e423d121c) Importer(815301076,1909f56bfc062723c751e8b465ee728b)  -> (artifact id: '68e6556615ed7974b65e3573e1a4ea44') in 0.005776 seconds
Number of updated asset objects reloaded before import = 0
Number of asset objects unloaded after import = 3
========================================================================
Received Import Request.
  Time since last request: 0.000016 seconds.
  path: Assets/Tile Palet/Tiles_33.asset
  artifactKey: Guid(580c8abb0678dd8459db1271c117d970) Importer(815301076,1909f56bfc062723c751e8b465ee728b)
Start importing Assets/Tile Palet/Tiles_33.asset using Guid(580c8abb0678dd8459db1271c117d970) Importer(815301076,1909f56bfc062723c751e8b465ee728b)  -> (artifact id: '1bcf528b1c0a4d74f2d4d83a0aef577f') in 0.006199 seconds
Number of updated asset objects reloaded before import = 0
Number of asset objects unloaded after import = 3
========================================================================
Received Import Request.
  Time since last request: 0.191774 seconds.
  path: Assets/Tile Palet/Tiles_37.asset
  artifactKey: Guid(7a450816bc0358849b73d1516ae3e6a7) Importer(815301076,1909f56bfc062723c751e8b465ee728b)
Start importing Assets/Tile Palet/Tiles_37.asset using Guid(7a450816bc0358849b73d1516ae3e6a7) Importer(815301076,1909f56bfc062723c751e8b465ee728b)  -> (artifact id: 'f9f9b4147098aa7fa478faacd02afc2a') in 0.013150 seconds
Number of updated asset objects reloaded before import = 0
Number of asset objects unloaded after import = 3
========================================================================
Received Import Request.
  Time since last request: 0.000023 seconds.
  path: Assets/Tile Palet/Tiles_40.asset
  artifactKey: Guid(315e7a9666d7e184b8ab3e3e54bdec6d) Importer(815301076,1909f56bfc062723c751e8b465ee728b)
Start importing Assets/Tile Palet/Tiles_40.asset using Guid(315e7a9666d7e184b8ab3e3e54bdec6d) Importer(815301076,1909f56bfc062723c751e8b465ee728b)  -> (artifact id: 'f8a9cdc0625d30895fe8ae25343183a4') in 0.005149 seconds
Number of updated asset objects reloaded before import = 0
Number of asset objects unloaded after import = 3
========================================================================
Received Import Request.
  Time since last request: 0.000092 seconds.
  path: Assets/Tile Palet/Tiles_38.asset
  artifactKey: Guid(20cf1cf68e8bfed409606f8e1768a076) Importer(815301076,1909f56bfc062723c751e8b465ee728b)
Start importing Assets/Tile Palet/Tiles_38.asset using Guid(20cf1cf68e8bfed409606f8e1768a076) Importer(815301076,1909f56bfc062723c751e8b465ee728b)  -> (artifact id: '8a999a7d8c17cad82f81b904f6e2c4d3') in 0.015794 seconds
Number of updated asset objects reloaded before import = 0
Number of asset objects unloaded after import = 3
========================================================================
Received Import Request.
  Time since last request: 0.001431 seconds.
  path: Assets/Tile Palet/Tiles_43.asset
  artifactKey: Guid(2c2a14084ee36784ba9f7d71927a51ec) Importer(815301076,1909f56bfc062723c751e8b465ee728b)
Start importing Assets/Tile Palet/Tiles_43.asset using Guid(2c2a14084ee36784ba9f7d71927a51ec) Importer(815301076,1909f56bfc062723c751e8b465ee728b)  -> (artifact id: '48bdb122f43114eb736358ca4a71f815') in 0.012743 seconds
Number of updated asset objects reloaded before import = 0
Number of asset objects unloaded after import = 3
========================================================================
Received Import Request.
  Time since last request: 0.000018 seconds.
  path: Assets/Tile Palet/Tiles_46.asset
  artifactKey: Guid(b044dd10bfed1e14695a0c62df5c2cac) Importer(815301076,1909f56bfc062723c751e8b465ee728b)
Start importing Assets/Tile Palet/Tiles_46.asset using Guid(b044dd10bfed1e14695a0c62df5c2cac) Importer(815301076,1909f56bfc062723c751e8b465ee728b)  -> (artifact id: '19ccd67179719a3e421be04bec0c0204') in 0.014259 seconds
Number of updated asset objects reloaded before import = 0
Number of asset objects unloaded after import = 3
========================================================================
Received Import Request.
  Time since last request: 0.000017 seconds.
  path: Assets/Tile Palet/Tiles_49.asset
  artifactKey: Guid(a0e77f832c217e248940bf14db8bcaad) Importer(815301076,1909f56bfc062723c751e8b465ee728b)
Start importing Assets/Tile Palet/Tiles_49.asset using Guid(a0e77f832c217e248940bf14db8bcaad) Importer(815301076,1909f56bfc062723c751e8b465ee728b)  -> (artifact id: '3c70cb61f196d87232026e3d9b9f11ec') in 0.014986 seconds
Number of updated asset objects reloaded before import = 0
Number of asset objects unloaded after import = 3
========================================================================
Received Import Request.
  Time since last request: 0.000035 seconds.
  path: Assets/Tile Palet/Tiles_53.asset
  artifactKey: Guid(c6423280195bb6843b5922ec4bb6f421) Importer(815301076,1909f56bfc062723c751e8b465ee728b)
Start importing Assets/Tile Palet/Tiles_53.asset using Guid(c6423280195bb6843b5922ec4bb6f421) Importer(815301076,1909f56bfc062723c751e8b465ee728b)  -> (artifact id: 'c40d794888d9e50beed6e3003d705f9a') in 0.006123 seconds
Number of updated asset objects reloaded before import = 0
Number of asset objects unloaded after import = 3
========================================================================
Received Import Request.
  Time since last request: 0.000025 seconds.
  path: Assets/Tile Palet/Tiles_58.asset
  artifactKey: Guid(082a36d7c0f61124b956b7130e45782e) Importer(815301076,1909f56bfc062723c751e8b465ee728b)
Start importing Assets/Tile Palet/Tiles_58.asset using Guid(082a36d7c0f61124b956b7130e45782e) Importer(815301076,1909f56bfc062723c751e8b465ee728b)  -> (artifact id: 'e27c4b09b04da24a04ee61d0fba7e560') in 0.005804 seconds
Number of updated asset objects reloaded before import = 0
Number of asset objects unloaded after import = 3
========================================================================
Received Import Request.
  Time since last request: 0.000016 seconds.
  path: Assets/Tile Palet/Tiles_57.asset
  artifactKey: Guid(b22ba39754f9f3d46b3f20fac01df93c) Importer(815301076,1909f56bfc062723c751e8b465ee728b)
Start importing Assets/Tile Palet/Tiles_57.asset using Guid(b22ba39754f9f3d46b3f20fac01df93c) Importer(815301076,1909f56bfc062723c751e8b465ee728b)  -> (artifact id: 'ae6ddad479a72dd0fd269de8a43378fb') in 0.005829 seconds
Number of updated asset objects reloaded before import = 0
Number of asset objects unloaded after import = 3
========================================================================
Received Import Request.
  Time since last request: 0.000015 seconds.
  path: Assets/Tile Palet/Tiles_54.asset
  artifactKey: Guid(94ed693c8d41db149a7e399e54eef514) Importer(815301076,1909f56bfc062723c751e8b465ee728b)
Start importing Assets/Tile Palet/Tiles_54.asset using Guid(94ed693c8d41db149a7e399e54eef514) Importer(815301076,1909f56bfc062723c751e8b465ee728b)  -> (artifact id: '1df12b29fb4a9b71c4036ad123f978fe') in 0.004855 seconds
Number of updated asset objects reloaded before import = 0
Number of asset objects unloaded after import = 3
========================================================================
Received Import Request.
  Time since last request: 0.000014 seconds.
  path: Assets/Tile Palet/Tiles_59.asset
  artifactKey: Guid(99e433a07b8a1704f88db54aa410c58a) Importer(815301076,1909f56bfc062723c751e8b465ee728b)
Start importing Assets/Tile Palet/Tiles_59.asset using Guid(99e433a07b8a1704f88db54aa410c58a) Importer(815301076,1909f56bfc062723c751e8b465ee728b)  -> (artifact id: 'f9aa04359fd0a8bd59adf68b7ea12002') in 0.004723 seconds
Number of updated asset objects reloaded before import = 0
Number of asset objects unloaded after import = 3
========================================================================
Received Import Request.
  Time since last request: 0.000017 seconds.
  path: Assets/Tile Palet/Tiles_51.asset
  artifactKey: Guid(907574db4cef5894ab7f666b0b482ea1) Importer(815301076,1909f56bfc062723c751e8b465ee728b)
Start importing Assets/Tile Palet/Tiles_51.asset using Guid(907574db4cef5894ab7f666b0b482ea1) Importer(815301076,1909f56bfc062723c751e8b465ee728b)  -> (artifact id: '9fe72f72a53604a1758b2db98e4820ae') in 0.012891 seconds
Number of updated asset objects reloaded before import = 0
Number of asset objects unloaded after import = 3
========================================================================
Received Import Request.
  Time since last request: 0.000023 seconds.
  path: Assets/Tile Palet/Tiles_63.asset
  artifactKey: Guid(4d54173d554e24d49b43628ee044eb89) Importer(815301076,1909f56bfc062723c751e8b465ee728b)
Start importing Assets/Tile Palet/Tiles_63.asset using Guid(4d54173d554e24d49b43628ee044eb89) Importer(815301076,1909f56bfc062723c751e8b465ee728b)  -> (artifact id: '4d464d2c7bc33d9a6fee39457f733115') in 0.005732 seconds
Number of updated asset objects reloaded before import = 0
Number of asset objects unloaded after import = 3
========================================================================
Received Import Request.
  Time since last request: 0.000020 seconds.
  path: Assets/Tile Palet/Tiles_62.asset
  artifactKey: Guid(04821946c3ab7e648a3f59a4b901e683) Importer(815301076,1909f56bfc062723c751e8b465ee728b)
Start importing Assets/Tile Palet/Tiles_62.asset using Guid(04821946c3ab7e648a3f59a4b901e683) Importer(815301076,1909f56bfc062723c751e8b465ee728b)  -> (artifact id: '79b00b016c56dcf48a44eddf6481a68a') in 0.005499 seconds
Number of updated asset objects reloaded before import = 0
Number of asset objects unloaded after import = 3
========================================================================
Received Import Request.
  Time since last request: 0.000136 seconds.
  path: Assets/Tile Palet/Tiles_61.asset
  artifactKey: Guid(ea13d8e11bfb76c4180b9f336735dc18) Importer(815301076,1909f56bfc062723c751e8b465ee728b)
Start importing Assets/Tile Palet/Tiles_61.asset using Guid(ea13d8e11bfb76c4180b9f336735dc18) Importer(815301076,1909f56bfc062723c751e8b465ee728b)  -> (artifact id: '013f92bd2571e756094f7388b138d814') in 0.005882 seconds
Number of updated asset objects reloaded before import = 0
Number of asset objects unloaded after import = 3
Editor requested this worker to shutdown with reason: Scaling down because of idle timeout
TcpMessagingSession - receive error: operation aborted. errorcode: 995, details: The I/O operation has been aborted because of either a thread exit or an application request.
AssetImportWorker is now disconnected from the server
Process exiting
Exiting without the bug reporter. Application will terminate with return code 0